
2025-09-06T22:40:04-04:00 | --- INÍCIO DE NOVA JANELA --- | 2025-09-06T22:35:00-04:00 --> 2025-09-06T22:40:00-04:00
{
  "is_signal": False,
  "timestamp": "2025-09-06T22:40:04-04:00",
  "tipo_evento": "Absorção",
  "resultado_da_batalha": "Sem Absorção",
  "descricao": "Delta -6.8927",
  "ativo": "BTCUSDT",
  "imbalance": -0.1679,
  "volume_ratio": 0.5688,
  "pressure": -0.2749,
  "alertas_liquidez": ['PAREDE DE COMPRA: 4.68 @ $110,503.67 (limite: 2.37)', 'PAREDE DE VENDA: 8.20 @ $110,503.68 (limite: 2.37)'],
  "preco_abertura": 110516.0,
  "preco_fechamento": 110503.67,
  "preco_maxima": 110516.01,
  "preco_minima": 110503.67,
  "volume_total": 10.59366,
  "volume_compra": 1.8504599999999998,
  "volume_venda": 8.7432,
  "delta": -6.89274,
  "indice_absorcao": 0.5585688816857335,
  "delta_minimo": -6.892739999999912,
  "delta_maximo": -0.01286,
  "delta_fechamento": -6.892739999999912,
  "reversao_desde_minimo": 0.0,
  "reversao_desde_maximo": 6.879879999999912,
  "poc_price": 110515.7015,
  "poc_volume": 5.3483600000000004,
  "poc_percentage": 50.48642301149934,
  "dwell_price": 110503.9725,
  "dwell_seconds": 114.34,
  "dwell_location": "Low",
  "trades_per_second": 6.311908141272594,
  "avg_trade_size": 0.006301998810232004,
  "candle_id_ms": 1757212800000,
  "candle_open_time_ms": 1757212500000,
  "candle_close_time_ms": 1757212800000,
  "candle_open_time": "2025-09-06T22:35:00-04:00",
  "candle_close_time": "2025-09-06T22:40:00-04:00",
}

2025-09-06T22:45:04-04:00 | --- INÍCIO DE NOVA JANELA --- | 2025-09-06T22:40:00-04:00 --> 2025-09-06T22:45:00-04:00
{
  "is_signal": True,
  "tipo_evento": "Absorção",
  "resultado_da_batalha": "Absorção de Venda",
  "descricao": "Compradores agressivos absorvidos. Delta 6.7316, Índice 2.29",
  "ativo": "BTCUSDT",
  "preco_abertura": 110503.67,
  "preco_fechamento": 110500.75,
  "preco_maxima": 110503.68,
  "preco_minima": 110500.74,
  "volume_total": 20.34326,
  "volume_compra": 13.537410000000001,
  "volume_venda": 6.80585,
  "delta": 6.731560000000001,
  "indice_absorcao": 2.289646258512921,
  "delta_minimo": -1.0875499999999996,
  "delta_maximo": 9.35914999999998,
  "delta_fechamento": 6.731560000000021,
  "reversao_desde_minimo": 7.819110000000021,
  "reversao_desde_maximo": 2.627589999999959,
  "poc_price": 110500.812,
  "poc_volume": 19.27317,
  "poc_percentage": 94.73983029268663,
  "dwell_price": 110500.812,
  "dwell_seconds": 266.697,
  "dwell_location": "Low",
  "trades_per_second": 6.23876705157403,
  "avg_trade_size": 0.01087293425975414,
  "candle_id_ms": 1757213100000,
  "candle_open_time_ms": 1757212800000,
  "candle_close_time_ms": 1757213100000,
  "candle_open_time": "2025-09-06T22:40:00-04:00",
  "candle_close_time": "2025-09-06T22:45:00-04:00",
}
{
  "is_signal": True,
  "timestamp": "2025-09-06T22:45:04-04:00",
  "tipo_evento": "Absorção",
  "resultado_da_batalha": "Absorção de Venda",
  "descricao": "Compradores agressivos absorvidos. Delta 6.7316, Índice 2.29",
  "ativo": "BTCUSDT",
  "imbalance": -0.2764,
  "volume_ratio": 0.8238,
  "pressure": -0.0966,
  "alertas_liquidez": ['PAREDE DE COMPRA: 5.60 @ $110,500.74 (limite: 2.20)', 'PAREDE DE VENDA: 6.90 @ $110,500.75 (limite: 2.20)'],
  "preco_abertura": 110503.67,
  "preco_fechamento": 110500.75,
  "preco_maxima": 110503.68,
  "preco_minima": 110500.74,
  "volume_total": 20.34326,
  "volume_compra": 13.537410000000001,
  "volume_venda": 6.80585,
  "delta": 6.731560000000001,
  "indice_absorcao": 2.289646258512921,
  "delta_minimo": -1.0875499999999996,
  "delta_maximo": 9.35914999999998,
  "delta_fechamento": 6.731560000000021,
  "reversao_desde_minimo": 7.819110000000021,
  "reversao_desde_maximo": 2.627589999999959,
  "poc_price": 110500.812,
  "poc_volume": 19.27317,
  "poc_percentage": 94.73983029268663,
  "dwell_price": 110500.812,
  "dwell_seconds": 266.697,
  "dwell_location": "Low",
  "trades_per_second": 6.23876705157403,
  "avg_trade_size": 0.01087293425975414,
  "candle_id_ms": 1757213100000,
  "candle_open_time_ms": 1757212800000,
  "candle_close_time_ms": 1757213100000,
  "candle_open_time": "2025-09-06T22:40:00-04:00",
  "candle_close_time": "2025-09-06T22:45:00-04:00",
}

2025-09-06T22:50:04-04:00 | --- INÍCIO DE NOVA JANELA --- | 2025-09-06T22:45:00-04:00 --> 2025-09-06T22:50:00-04:00
{
  "is_signal": False,
  "timestamp": "2025-09-06T22:50:04-04:00",
  "tipo_evento": "Absorção",
  "resultado_da_batalha": "Sem Absorção",
  "descricao": "Delta 2.2957",
  "ativo": "BTCUSDT",
  "imbalance": 0.4946,
  "volume_ratio": 3.3896,
  "pressure": 0.5444,
  "alertas_liquidez": ['FLUXO: Retirada de 68.0% da liquidez de venda (Asks).', 'PAREDE DE COMPRA: 7.70 @ $110,571.70 (limite: 1.95)', 'PAREDE DE VENDA: 2.30 @ $110,571.71 (limite: 1.95)'],
  "preco_abertura": 110500.74,
  "preco_fechamento": 110571.71,
  "preco_maxima": 110571.71,
  "preco_minima": 110500.74,
  "volume_total": 12.04172,
  "volume_compra": 7.16871,
  "volume_venda": 4.87301,
  "delta": 2.2957,
  "indice_absorcao": 0.0323474707622934,
  "delta_minimo": -0.01766,
  "delta_maximo": 3.521939999999975,
  "delta_fechamento": 2.295700000000013,
  "reversao_desde_minimo": 2.3133600000000127,
  "reversao_desde_maximo": 1.226239999999962,
  "poc_price": 110527.35399999999,
  "poc_volume": 4.67398,
  "poc_percentage": 38.81488690984345,
  "dwell_price": 110527.35399999999,
  "dwell_seconds": 198.049,
  "dwell_location": "Mid",
  "trades_per_second": 8.802634438259531,
  "avg_trade_size": 0.004573383972654766,
  "candle_id_ms": 1757213400000,
  "candle_open_time_ms": 1757213100000,
  "candle_close_time_ms": 1757213400000,
  "candle_open_time": "2025-09-06T22:45:00-04:00",
  "candle_close_time": "2025-09-06T22:50:00-04:00",
}

2025-09-06T22:55:04-04:00 | --- INÍCIO DE NOVA JANELA --- | 2025-09-06T22:50:00-04:00 --> 2025-09-06T22:55:00-04:00
{
  "is_signal": False,
  "timestamp": "2025-09-06T22:55:04-04:00",
  "tipo_evento": "Absorção",
  "resultado_da_batalha": "Sem Absorção",
  "descricao": "Delta 1.0062",
  "ativo": "BTCUSDT",
  "imbalance": 0.8988,
  "volume_ratio": 80.0756,
  "pressure": 0.9753,
  "alertas_liquidez": ['FLUXO: Aumento de 110.1% na liquidez de compra (Bids).', 'FLUXO: Retirada de 91.1% da liquidez de venda (Asks).', 'PAREDE DE COMPRA: 16.21 @ $110,602.79 (limite: 3.69)'],
  "preco_abertura": 110571.71,
  "preco_fechamento": 110602.8,
  "preco_maxima": 110602.8,
  "preco_minima": 110559.25,
  "volume_total": 14.28543,
  "volume_compra": 7.6458,
  "volume_venda": 6.6396299999999995,
  "delta": 1.006170000000001,
  "indice_absorcao": 0.023103788748563343,
  "delta_minimo": -4.784299999999999,
  "delta_maximo": 1.0417299999999416,
  "delta_fechamento": 1.0061699999999416,
  "reversao_desde_minimo": 5.7904699999999405,
  "reversao_desde_maximo": 0.035560000000000036,
  "poc_price": 110566.87100000001,
  "poc_volume": 2.90078,
  "poc_percentage": 20.305864086695326,
  "dwell_price": 110571.2265,
  "dwell_seconds": 138.379,
  "dwell_location": "Mid",
  "trades_per_second": 7.34101436430829,
  "avg_trade_size": 0.006508168564920274,
  "candle_id_ms": 1757213700000,
  "candle_open_time_ms": 1757213400000,
  "candle_close_time_ms": 1757213700000,
  "candle_open_time": "2025-09-06T22:50:00-04:00",
  "candle_close_time": "2025-09-06T22:55:00-04:00",
}

2025-09-06T23:00:04-04:00 | --- INÍCIO DE NOVA JANELA --- | 2025-09-06T22:55:00-04:00 --> 2025-09-06T23:00:00-04:00
{
  "is_signal": False,
  "tipo_evento": "Absorção",
  "resultado_da_batalha": "Sem Absorção",
  "descricao": "Delta 3.2353",
  "ativo": "BTCUSDT",
  "preco_abertura": 110602.79,
  "preco_fechamento": 110666.24,
  "preco_maxima": 110692.52,
  "preco_minima": 110602.79,
  "volume_total": 35.32029,
  "volume_compra": 19.27778,
  "volume_venda": 16.04251,
  "delta_minimo": -0.00177,
  "delta_maximo": 15.960959999999925,
  "delta_fechamento": 3.235270000000001,
  "reversao_desde_minimo": 3.2370400000000012,
  "reversao_desde_maximo": 12.725689999999924,
  "poc_price": 110690.277,
  "poc_volume": 6.86943,
  "poc_percentage": 19.44896262176783,
  "dwell_price": 110667.8445,
  "dwell_seconds": 290.943,
  "dwell_location": "Mid",
  "trades_per_second": 14.727151871039718,
  "avg_trade_size": 0.008010952596960762,
  "delta": 3.23527,
  "indice_absorcao": 0.03605561127827507,
  "candle_id_ms": 1757214000000,
  "candle_open_time_ms": 1757213700000,
  "candle_close_time_ms": 1757214000000,
  "candle_open_time": "2025-09-06T22:55:00-04:00",
  "candle_close_time": "2025-09-06T23:00:00-04:00",
}
{
  "is_signal": False,
  "timestamp": "2025-09-06T23:00:04-04:00",
  "tipo_evento": "Absorção",
  "resultado_da_batalha": "Sem Absorção",
  "descricao": "Delta 3.2353",
  "ativo": "BTCUSDT",
  "imbalance": -0.3288,
  "volume_ratio": 0.5117,
  "pressure": -0.323,
  "alertas_liquidez": ['FLUXO: Retirada de 62.9% da liquidez de compra (Bids).', 'FLUXO: Aumento de 5707.4% na liquidez de venda (Asks).', 'PAREDE DE COMPRA: 5.95 @ $110,666.23 (limite: 3.07)', 'PAREDE DE VENDA: 11.35 @ $110,666.24 (limite: 3.07)'],
  "preco_abertura": 110602.79,
  "preco_fechamento": 110666.24,
  "preco_maxima": 110692.52,
  "preco_minima": 110602.79,
  "volume_total": 35.32029,
  "volume_compra": 19.27778,
  "volume_venda": 16.04251,
  "delta": 3.23527,
  "indice_absorcao": 0.03605561127827507,
  "delta_minimo": -0.00177,
  "delta_maximo": 15.960959999999925,
  "delta_fechamento": 3.235270000000001,
  "reversao_desde_minimo": 3.2370400000000012,
  "reversao_desde_maximo": 12.725689999999924,
  "poc_price": 110690.277,
  "poc_volume": 6.86943,
  "poc_percentage": 19.44896262176783,
  "dwell_price": 110667.8445,
  "dwell_seconds": 290.943,
  "dwell_location": "Mid",
  "trades_per_second": 14.727151871039718,
  "avg_trade_size": 0.008010952596960762,
  "candle_id_ms": 1757214000000,
  "candle_open_time_ms": 1757213700000,
  "candle_close_time_ms": 1757214000000,
  "candle_open_time": "2025-09-06T22:55:00-04:00",
  "candle_close_time": "2025-09-06T23:00:00-04:00",
}

2025-09-06T23:05:04-04:00 | --- INÍCIO DE NOVA JANELA --- | 2025-09-06T23:00:00-04:00 --> 2025-09-06T23:05:00-04:00
{
  "is_signal": True,
  "tipo_evento": "Absorção",
  "resultado_da_batalha": "Absorção de Venda",
  "descricao": "Compradores agressivos absorvidos. Delta 7.0810, Índice 0.14",
  "ativo": "BTCUSDT",
  "preco_abertura": 110666.24,
  "preco_fechamento": 110650.0,
  "preco_maxima": 110691.99,
  "preco_minima": 110641.79,
  "volume_total": 36.521390000000004,
  "volume_compra": 21.801180000000002,
  "volume_venda": 14.72021,
  "delta": 7.080970000000002,
  "indice_absorcao": 0.14105517928283587,
  "delta_minimo": -0.7987099999999928,
  "delta_maximo": 12.104510000000008,
  "delta_fechamento": 7.080970000000136,
  "reversao_desde_minimo": 7.879680000000128,
  "reversao_desde_maximo": 5.023539999999873,
  "poc_price": 110673.16500000001,
  "poc_volume": 18.12096,
  "poc_percentage": 49.61738860432201,
  "dwell_price": 110665.63500000001,
  "dwell_seconds": 141.673,
  "dwell_location": "Mid",
  "trades_per_second": 11.36120901420485,
  "avg_trade_size": 0.010728962984723856,
  "candle_id_ms": 1757214300000,
  "candle_open_time_ms": 1757214000000,
  "candle_close_time_ms": 1757214300000,
  "candle_open_time": "2025-09-06T23:00:00-04:00",
  "candle_close_time": "2025-09-06T23:05:00-04:00",
}
{
  "is_signal": True,
  "timestamp": "2025-09-06T23:05:04-04:00",
  "tipo_evento": "Absorção",
  "resultado_da_batalha": "Absorção de Venda",
  "descricao": "Compradores agressivos absorvidos. Delta 7.0810, Índice 0.14",
  "ativo": "BTCUSDT",
  "imbalance": -0.4974,
  "volume_ratio": 0.1886,
  "pressure": -0.6826,
  "alertas_liquidez": ['FLUXO: Retirada de 84.1% da liquidez de compra (Bids).', 'FLUXO: Retirada de 56.8% da liquidez de venda (Asks).', 'PAREDE DE VENDA: 5.04 @ $110,650.00 (limite: 1.46)'],
  "preco_abertura": 110666.24,
  "preco_fechamento": 110650.0,
  "preco_maxima": 110691.99,
  "preco_minima": 110641.79,
  "volume_total": 36.521390000000004,
  "volume_compra": 21.801180000000002,
  "volume_venda": 14.72021,
  "delta": 7.080970000000002,
  "indice_absorcao": 0.14105517928283587,
  "delta_minimo": -0.7987099999999928,
  "delta_maximo": 12.104510000000008,
  "delta_fechamento": 7.080970000000136,
  "reversao_desde_minimo": 7.879680000000128,
  "reversao_desde_maximo": 5.023539999999873,
  "poc_price": 110673.16500000001,
  "poc_volume": 18.12096,
  "poc_percentage": 49.61738860432201,
  "dwell_price": 110665.63500000001,
  "dwell_seconds": 141.673,
  "dwell_location": "Mid",
  "trades_per_second": 11.36120901420485,
  "avg_trade_size": 0.010728962984723856,
  "candle_id_ms": 1757214300000,
  "candle_open_time_ms": 1757214000000,
  "candle_close_time_ms": 1757214300000,
  "candle_open_time": "2025-09-06T23:00:00-04:00",
  "candle_close_time": "2025-09-06T23:05:00-04:00",
}

2025-09-06T23:10:04-04:00 | --- INÍCIO DE NOVA JANELA --- | 2025-09-06T23:05:00-04:00 --> 2025-09-06T23:10:00-04:00
{
  "is_signal": False,
  "timestamp": "2025-09-06T23:10:04-04:00",
  "tipo_evento": "Absorção",
  "resultado_da_batalha": "Sem Absorção",
  "descricao": "Delta -8.7519",
  "ativo": "BTCUSDT",
  "imbalance": -0.578,
  "volume_ratio": 0.0728,
  "pressure": -0.8642,
  "alertas_liquidez": ['FLUXO: Aumento de 50.1% na liquidez de venda (Asks).', 'PAREDE DE VENDA: 6.92 @ $110,623.30 (limite: 1.86)'],
  "preco_abertura": 110650.0,
  "preco_fechamento": 110623.29,
  "preco_maxima": 110650.0,
  "preco_minima": 110623.29,
  "volume_total": 12.69718,
  "volume_compra": 1.97262,
  "volume_venda": 10.724559999999999,
  "delta": -8.751939999999998,
  "indice_absorcao": 0.32766529389733806,
  "delta_minimo": -9.079969999999998,
  "delta_maximo": 0.00102,
  "delta_fechamento": -8.751939999999996,
  "reversao_desde_minimo": 0.3280300000000018,
  "reversao_desde_maximo": 8.752959999999996,
  "poc_price": 110623.94450000001,
  "poc_volume": 9.72569,
  "poc_percentage": 76.59724442750282,
  "dwell_price": 110623.94450000001,
  "dwell_seconds": 213.626,
  "dwell_location": "Low",
  "trades_per_second": 5.707667020396959,
  "avg_trade_size": 0.007447026392961876,
  "candle_id_ms": 1757214600000,
  "candle_open_time_ms": 1757214300000,
  "candle_close_time_ms": 1757214600000,
  "candle_open_time": "2025-09-06T23:05:00-04:00",
  "candle_close_time": "2025-09-06T23:10:00-04:00",
}

2025-09-06T23:15:04-04:00 | --- INÍCIO DE NOVA JANELA --- | 2025-09-06T23:10:00-04:00 --> 2025-09-06T23:15:00-04:00
{
  "is_signal": False,
  "timestamp": "2025-09-06T23:15:04-04:00",
  "tipo_evento": "Absorção",
  "resultado_da_batalha": "Sem Absorção",
  "descricao": "Delta -6.6397",
  "ativo": "BTCUSDT",
  "imbalance": -0.6655,
  "volume_ratio": 0.0265,
  "pressure": -0.9484,
  "alertas_liquidez": ['FLUXO: Aumento de 88.3% na liquidez de venda (Asks).', 'PAREDE DE VENDA: 13.25 @ $110,596.72 (limite: 3.14)'],
  "preco_abertura": 110623.29,
  "preco_fechamento": 110596.72,
  "preco_maxima": 110623.3,
  "preco_minima": 110596.71,
  "volume_total": 14.511890000000001,
  "volume_compra": 3.93611,
  "volume_venda": 10.57578,
  "delta": -6.63967,
  "indice_absorcao": 0.24970552839416593,
  "delta_minimo": -6.834369999999947,
  "delta_maximo": 1.1158599999999992,
  "delta_fechamento": -6.639669999999942,
  "reversao_desde_minimo": 0.19470000000000542,
  "reversao_desde_maximo": 7.755529999999942,
  "poc_price": 110622.63500000001,
  "poc_volume": 7.25357,
  "poc_percentage": 49.98363410968524,
  "dwell_price": 110622.63500000001,
  "dwell_seconds": 120.583,
  "dwell_location": "High",
  "trades_per_second": 5.134792472974776,
  "avg_trade_size": 0.009429428200129953,
  "candle_id_ms": 1757214900000,
  "candle_open_time_ms": 1757214600000,
  "candle_close_time_ms": 1757214900000,
  "candle_open_time": "2025-09-06T23:10:00-04:00",
  "candle_close_time": "2025-09-06T23:15:00-04:00",
}

2025-09-06T23:20:04-04:00 | --- INÍCIO DE NOVA JANELA --- | 2025-09-06T23:15:00-04:00 --> 2025-09-06T23:20:00-04:00
{
  "is_signal": False,
  "timestamp": "2025-09-06T23:20:04-04:00",
  "tipo_evento": "Absorção",
  "resultado_da_batalha": "Sem Absorção",
  "descricao": "Delta 5.6302",
  "ativo": "BTCUSDT",
  "imbalance": 0.3841,
  "volume_ratio": 1.3203,
  "pressure": 0.1381,
  "alertas_liquidez": ['FLUXO: Aumento de 1816.8% na liquidez de compra (Bids).', 'FLUXO: Retirada de 61.5% da liquidez de venda (Asks).', 'PAREDE DE COMPRA: 6.75 @ $110,687.30 (limite: 2.11)', 'PAREDE DE VENDA: 5.34 @ $110,687.31 (limite: 2.11)'],
  "preco_abertura": 110596.72,
  "preco_fechamento": 110687.31,
  "preco_maxima": 110687.31,
  "preco_minima": 110596.71,
  "volume_total": 12.05464,
  "volume_compra": 8.84243,
  "volume_venda": 3.21221,
  "delta": 5.6302200000000004,
  "indice_absorcao": 0.062143708609277516,
  "delta_minimo": -0.7577399999999999,
  "delta_maximo": 6.051749999999847,
  "delta_fechamento": 5.6302199999998415,
  "reversao_desde_minimo": 6.3879599999998415,
  "reversao_desde_maximo": 0.42153000000000596,
  "poc_price": 110598.9295,
  "poc_volume": 3.81099,
  "poc_percentage": 31.61429955602158,
  "dwell_price": 110648.805,
  "dwell_seconds": 109.352,
  "dwell_location": "Mid",
  "trades_per_second": 9.66604854741977,
  "avg_trade_size": 0.004166830279986174,
  "candle_id_ms": 1757215200000,
  "candle_open_time_ms": 1757214900000,
  "candle_close_time_ms": 1757215200000,
  "candle_open_time": "2025-09-06T23:15:00-04:00",
  "candle_close_time": "2025-09-06T23:20:00-04:00",
}

2025-09-06T23:25:04-04:00 | --- INÍCIO DE NOVA JANELA --- | 2025-09-06T23:20:00-04:00 --> 2025-09-06T23:25:00-04:00
{
  "is_signal": True,
  "tipo_evento": "Absorção",
  "resultado_da_batalha": "Absorção de Compra",
  "descricao": "Vendedores agressivos absorvidos. Delta -11.6603, Índice 0.92",
  "ativo": "BTCUSDT",
  "preco_abertura": 110687.31,
  "preco_fechamento": 110688.88,
  "preco_maxima": 110700.0,
  "preco_minima": 110687.3,
  "volume_total": 22.228180000000002,
  "volume_compra": 5.28392,
  "volume_venda": 16.94426,
  "delta": -11.66034,
  "indice_absorcao": 0.9181370078742261,
  "delta_minimo": -11.695909999999985,
  "delta_maximo": 3.8637199999999927,
  "delta_fechamento": -11.660339999999987,
  "reversao_desde_minimo": 0.0355699999999981,
  "reversao_desde_maximo": 15.52405999999998,
  "poc_price": 110699.6825,
  "poc_volume": 10.376199999999999,
  "poc_percentage": 46.68038498878451,
  "dwell_price": 110688.88750000001,
  "dwell_seconds": 223.915,
  "dwell_location": "Low",
  "trades_per_second": 4.55396819567373,
  "avg_trade_size": 0.01629631964809384,
  "candle_id_ms": 1757215500000,
  "candle_open_time_ms": 1757215200000,
  "candle_close_time_ms": 1757215500000,
  "candle_open_time": "2025-09-06T23:20:00-04:00",
  "candle_close_time": "2025-09-06T23:25:00-04:00",
}
{
  "is_signal": True,
  "timestamp": "2025-09-06T23:25:04-04:00",
  "tipo_evento": "Absorção",
  "resultado_da_batalha": "Absorção de Compra",
  "descricao": "Vendedores agressivos absorvidos. Delta -11.6603, Índice 0.92",
  "ativo": "BTCUSDT",
  "imbalance": -0.4905,
  "volume_ratio": 0.1353,
  "pressure": -0.7617,
  "alertas_liquidez": ['FLUXO: Retirada de 66.5% da liquidez de compra (Bids).', 'FLUXO: Aumento de 227.2% na liquidez de venda (Asks).', 'PAREDE DE VENDA: 17.16 @ $110,688.88 (limite: 4.26)'],
  "preco_abertura": 110687.31,
  "preco_fechamento": 110688.88,
  "preco_maxima": 110700.0,
  "preco_minima": 110687.3,
  "volume_total": 22.228180000000002,
  "volume_compra": 5.28392,
  "volume_venda": 16.94426,
  "delta": -11.66034,
  "indice_absorcao": 0.9181370078742261,
  "delta_minimo": -11.695909999999985,
  "delta_maximo": 3.8637199999999927,
  "delta_fechamento": -11.660339999999987,
  "reversao_desde_minimo": 0.0355699999999981,
  "reversao_desde_maximo": 15.52405999999998,
  "poc_price": 110699.6825,
  "poc_volume": 10.376199999999999,
  "poc_percentage": 46.68038498878451,
  "dwell_price": 110688.88750000001,
  "dwell_seconds": 223.915,
  "dwell_location": "Low",
  "trades_per_second": 4.55396819567373,
  "avg_trade_size": 0.01629631964809384,
  "candle_id_ms": 1757215500000,
  "candle_open_time_ms": 1757215200000,
  "candle_close_time_ms": 1757215500000,
  "candle_open_time": "2025-09-06T23:20:00-04:00",
  "candle_close_time": "2025-09-06T23:25:00-04:00",
}

2025-09-06T23:30:04-04:00 | --- INÍCIO DE NOVA JANELA --- | 2025-09-06T23:25:00-04:00 --> 2025-09-06T23:30:00-04:00
{
  "is_signal": False,
  "timestamp": "2025-09-06T23:30:04-04:00",
  "tipo_evento": "Absorção",
  "resultado_da_batalha": "Sem Absorção",
  "descricao": "Delta 15.8742",
  "ativo": "BTCUSDT",
  "imbalance": 0.4534,
  "volume_ratio": 6.6649,
  "pressure": 0.7391,
  "alertas_liquidez": ['FLUXO: Aumento de 333.2% na liquidez de compra (Bids).', 'FLUXO: Retirada de 91.2% da liquidez de venda (Asks).', 'PAREDE DE COMPRA: 10.68 @ $110,709.99 (limite: 2.53)'],
  "preco_abertura": 110688.87,
  "preco_fechamento": 110709.99,
  "preco_maxima": 110728.0,
  "preco_minima": 110688.87,
  "volume_total": 22.40417,
  "volume_compra": 19.1392,
  "volume_venda": 3.26497,
  "delta": 15.874229999999999,
  "indice_absorcao": 0.40567927421410965,
  "delta_minimo": -0.00037,
  "delta_maximo": 16.832290000000008,
  "delta_fechamento": 15.874230000000022,
  "reversao_desde_minimo": 15.874600000000022,
  "reversao_desde_maximo": 0.9580599999999855,
  "poc_price": 110699.6305,
  "poc_volume": 8.38653,
  "poc_percentage": 37.432897536485406,
  "dwell_price": 110709.4135,
  "dwell_seconds": 282.107,
  "dwell_location": "Mid",
  "trades_per_second": 8.182367049044167,
  "avg_trade_size": 0.009133375458622094,
  "candle_id_ms": 1757215800000,
  "candle_open_time_ms": 1757215500000,
  "candle_close_time_ms": 1757215800000,
  "candle_open_time": "2025-09-06T23:25:00-04:00",
  "candle_close_time": "2025-09-06T23:30:00-04:00",
  "contexto_sma": "Fechou ACIMA da SMA(10) de 110609.14",
}

2025-09-06T23:35:04-04:00 | --- INÍCIO DE NOVA JANELA --- | 2025-09-06T23:30:00-04:00 --> 2025-09-06T23:35:00-04:00
{
  "is_signal": False,
  "timestamp": "2025-09-06T23:35:04-04:00",
  "tipo_evento": "Absorção",
  "resultado_da_batalha": "Sem Absorção",
  "descricao": "Delta -4.3835",
  "ativo": "BTCUSDT",
  "imbalance": -0.1645,
  "volume_ratio": 0.4468,
  "pressure": -0.3823,
  "alertas_liquidez": ['FLUXO: Retirada de 66.8% da liquidez de compra (Bids).', 'FLUXO: Aumento de 395.9% na liquidez de venda (Asks).', 'PAREDE DE COMPRA: 3.17 @ $110,705.14 (limite: 2.02)', 'PAREDE DE VENDA: 7.06 @ $110,705.15 (limite: 2.02)'],
  "preco_abertura": 110710.0,
  "preco_fechamento": 110705.14,
  "preco_maxima": 110733.12,
  "preco_minima": 110680.46,
  "volume_total": 21.56211,
  "volume_compra": 8.589319999999999,
  "volume_venda": 12.972790000000002,
  "delta": -4.383470000000003,
  "indice_absorcao": 0.08324097987088726,
  "delta_minimo": -6.329009999999933,
  "delta_maximo": 5.417390000000004,
  "delta_fechamento": -4.3834699999999955,
  "reversao_desde_minimo": 1.9455399999999372,
  "reversao_desde_maximo": 9.80086,
  "poc_price": 110731.8035,
  "poc_volume": 5.40449,
  "poc_percentage": 25.06475479440556,
  "dwell_price": 110705.4735,
  "dwell_seconds": 159.353,
  "dwell_location": "Mid",
  "trades_per_second": 10.604333334447702,
  "avg_trade_size": 0.006797638713745271,
  "candle_id_ms": 1757216100000,
  "candle_open_time_ms": 1757215800000,
  "candle_close_time_ms": 1757216100000,
  "candle_open_time": "2025-09-06T23:30:00-04:00",
  "candle_close_time": "2025-09-06T23:35:00-04:00",
  "contexto_sma": "Fechou ACIMA da SMA(10) de 110629.77",
}

2025-09-06T23:40:04-04:00 | --- INÍCIO DE NOVA JANELA --- | 2025-09-06T23:35:00-04:00 --> 2025-09-06T23:40:00-04:00
{
  "is_signal": False,
  "timestamp": "2025-09-06T23:40:04-04:00",
  "tipo_evento": "Absorção",
  "resultado_da_batalha": "Sem Absorção",
  "descricao": "Delta -2.5512",
  "ativo": "BTCUSDT",
  "imbalance": 0.0938,
  "volume_ratio": 1.8573,
  "pressure": 0.3,
  "alertas_liquidez": ['FLUXO: Aumento de 149.0% na liquidez de compra (Bids).', 'PAREDE DE COMPRA: 8.29 @ $110,674.90 (limite: 2.33)', 'PAREDE DE VENDA: 4.71 @ $110,674.91 (limite: 2.33)'],
  "preco_abertura": 110705.15,
  "preco_fechamento": 110674.91,
  "preco_maxima": 110705.15,
  "preco_minima": 110674.9,
  "volume_total": 9.31372,
  "volume_compra": 3.38124,
  "volume_venda": 5.93248,
  "delta": -2.55124,
  "indice_absorcao": 0.08433851239669421,
  "delta_minimo": -2.687579999999994,
  "delta_maximo": 1.5608800000000058,
  "delta_fechamento": -2.5512399999999937,
  "reversao_desde_minimo": 0.13634000000000013,
  "reversao_desde_maximo": 4.112119999999999,
  "poc_price": 110690.78099999999,
  "poc_volume": 3.55818,
  "poc_percentage": 38.20363936214531,
  "dwell_price": 110675.641,
  "dwell_seconds": 118.557,
  "dwell_location": "Low",
  "trades_per_second": 6.8824112816779595,
  "avg_trade_size": 0.004519029597282872,
  "candle_id_ms": 1757216400000,
  "candle_open_time_ms": 1757216100000,
  "candle_close_time_ms": 1757216400000,
  "candle_open_time": "2025-09-06T23:35:00-04:00",
  "candle_close_time": "2025-09-06T23:40:00-04:00",
  "contexto_sma": "Fechou ACIMA da SMA(10) de 110650.21",
}

2025-09-06T23:45:04-04:00 | --- INÍCIO DE NOVA JANELA --- | 2025-09-06T23:40:00-04:00 --> 2025-09-06T23:45:00-04:00
{
  "is_signal": False,
  "timestamp": "2025-09-06T23:45:04-04:00",
  "tipo_evento": "Absorção",
  "resultado_da_batalha": "Sem Absorção",
  "descricao": "Delta -9.2434",
  "ativo": "BTCUSDT",
  "imbalance": 0.237,
  "volume_ratio": 4.1743,
  "pressure": 0.6135,
  "alertas_liquidez": ['FLUXO: Retirada de 70.5% da liquidez de venda (Asks).', 'PAREDE DE COMPRA: 5.78 @ $110,623.29 (limite: 1.63)'],
  "preco_abertura": 110674.91,
  "preco_fechamento": 110623.3,
  "preco_maxima": 110674.91,
  "preco_minima": 110623.29,
  "volume_total": 15.83215,
  "volume_compra": 3.2944,
  "volume_venda": 12.53775,
  "delta": -9.243350000000001,
  "indice_absorcao": 0.17906528477330935,
  "delta_minimo": -9.322439999999897,
  "delta_maximo": 0.07835,
  "delta_fechamento": -9.243349999999875,
  "reversao_desde_minimo": 0.07909000000002209,
  "reversao_desde_maximo": 9.321699999999876,
  "poc_price": 110624.5545,
  "poc_volume": 3.96386,
  "poc_percentage": 25.036776432764977,
  "dwell_price": 110624.5545,
  "dwell_seconds": 136.214,
  "dwell_location": "Low",
  "trades_per_second": 7.151362705877631,
  "avg_trade_size": 0.007405121608980355,
  "candle_id_ms": 1757216700000,
  "candle_open_time_ms": 1757216400000,
  "candle_close_time_ms": 1757216700000,
  "candle_open_time": "2025-09-06T23:40:00-04:00",
  "candle_close_time": "2025-09-06T23:45:00-04:00",
  "contexto_sma": "Fechou ABAIXO da SMA(10) de 110660.53",
}

2025-09-06T23:50:04-04:00 | --- INÍCIO DE NOVA JANELA --- | 2025-09-06T23:45:00-04:00 --> 2025-09-06T23:50:00-04:00
{
  "is_signal": False,
  "timestamp": "2025-09-06T23:50:04-04:00",
  "tipo_evento": "Absorção",
  "resultado_da_batalha": "Sem Absorção",
  "descricao": "Delta -4.5231",
  "ativo": "BTCUSDT",
  "imbalance": -0.3003,
  "volume_ratio": 0.3938,
  "pressure": -0.4349,
  "alertas_liquidez": ['FLUXO: Retirada de 57.9% da liquidez de compra (Bids).', 'FLUXO: Aumento de 346.7% na liquidez de venda (Asks).', 'PAREDE DE COMPRA: 2.06 @ $110,608.00 (limite: 1.71)', 'PAREDE DE VENDA: 6.03 @ $110,608.01 (limite: 1.71)'],
  "preco_abertura": 110623.3,
  "preco_fechamento": 110608.0,
  "preco_maxima": 110623.3,
  "preco_minima": 110608.0,
  "volume_total": 5.80367,
  "volume_compra": 0.64029,
  "volume_venda": 5.16338,
  "delta": -4.52309,
  "indice_absorcao": 0.2956267973855647,
  "delta_minimo": -4.55127999999996,
  "delta_maximo": 0.043069999999999956,
  "delta_fechamento": -4.52308999999996,
  "reversao_desde_minimo": 0.02819000000000038,
  "reversao_desde_maximo": 4.56615999999996,
  "poc_price": 110608.375,
  "poc_volume": 1.64573,
  "poc_percentage": 28.356712218303244,
  "dwell_price": 110622.91750000001,
  "dwell_seconds": 106.331,
  "dwell_location": "High",
  "trades_per_second": 4.9351674145206275,
  "avg_trade_size": 0.0039320257452574526,
  "candle_id_ms": 1757217000000,
  "candle_open_time_ms": 1757216700000,
  "candle_close_time_ms": 1757217000000,
  "candle_open_time": "2025-09-06T23:45:00-04:00",
  "candle_close_time": "2025-09-06T23:50:00-04:00",
  "contexto_sma": "Fechou ABAIXO da SMA(10) de 110662.58",
}

2025-09-06T23:55:06-04:00 | --- INÍCIO DE NOVA JANELA --- | 2025-09-06T23:50:00-04:00 --> 2025-09-06T23:55:00-04:00
{
  "is_signal": False,
  "timestamp": "2025-09-06T23:55:06-04:00",
  "tipo_evento": "Absorção",
  "resultado_da_batalha": "Sem Absorção",
  "descricao": "Delta -3.4641",
  "ativo": "BTCUSDT",
  "imbalance": 0.1121,
  "volume_ratio": 0.9676,
  "pressure": -0.0165,
  "alertas_liquidez": ['FLUXO: Aumento de 110.1% na liquidez de compra (Bids).', 'PAREDE DE COMPRA: 5.02 @ $110,603.99 (limite: 1.89)', 'PAREDE DE VENDA: 5.32 @ $110,604.00 (limite: 1.89)'],
  "preco_abertura": 110608.0,
  "preco_fechamento": 110604.0,
  "preco_maxima": 110608.01,
  "preco_minima": 110603.99,
  "volume_total": 6.5997699999999995,
  "volume_compra": 1.56785,
  "volume_venda": 5.0319199999999995,
  "delta": -3.4640699999999995,
  "indice_absorcao": 0.8617089552261263,
  "delta_minimo": -4.110179999999968,
  "delta_maximo": 0.0997,
  "delta_fechamento": -3.4640699999999534,
  "reversao_desde_minimo": 0.6461100000000144,
  "reversao_desde_maximo": 3.5637699999999533,
  "poc_price": 110607.9095,
  "poc_volume": 2.88306,
  "poc_percentage": 43.68424960263767,
  "dwell_price": 110604.08850000001,
  "dwell_seconds": 217.924,
  "dwell_location": "Low",
  "trades_per_second": 4.308846338984864,
  "avg_trade_size": 0.005120069821567106,
  "candle_id_ms": 1757217300000,
  "candle_open_time_ms": 1757217000000,
  "candle_close_time_ms": 1757217300000,
  "candle_open_time": "2025-09-06T23:50:00-04:00",
  "candle_close_time": "2025-09-06T23:55:00-04:00",
  "contexto_sma": "Fechou ABAIXO da SMA(10) de 110656.75",
}
